8/7/2018 4:13:59 PM	This log contains information about the import schema operation into project 'Demo.Database' on computer 'PUN-DE-DLBC4B8' by user 'Shweta.Kawad'.
8/7/2018 4:13:59 PM	Import of database schema has started.
8/7/2018 4:14:04 PM	Gathering database options
8/7/2018 4:14:04 PM	Gathering users
8/7/2018 4:14:04 PM	Gathering roles
8/7/2018 4:14:04 PM	Gathering application roles
8/7/2018 4:14:04 PM	Gathering role memberships
8/7/2018 4:14:04 PM	Gathering filegroups
8/7/2018 4:14:04 PM	Gathering full-text catalogs
8/7/2018 4:14:04 PM	Gathering assemblies
8/7/2018 4:14:04 PM	Gathering certificates
8/7/2018 4:14:04 PM	Gathering asymmetric keys
8/7/2018 4:14:04 PM	Gathering symmetric keys
8/7/2018 4:14:04 PM	Gathering encrypted symmetric keys
8/7/2018 4:14:04 PM	Gathering schemas
8/7/2018 4:14:05 PM	Gathering XML schema collections
8/7/2018 4:14:05 PM	Gathering user-defined data types
8/7/2018 4:14:05 PM	Gathering user-defined types
8/7/2018 4:14:05 PM	Gathering table types
8/7/2018 4:14:05 PM	Gathering unique keys for table types
8/7/2018 4:14:05 PM	Gathering primary keys for table types
8/7/2018 4:14:05 PM	Gathering check constraints for table types
8/7/2018 4:14:05 PM	Gathering default constraints for table types
8/7/2018 4:14:05 PM	Gathering partition functions
8/7/2018 4:14:05 PM	Gathering partition schemes
8/7/2018 4:14:05 PM	Gathering functions
8/7/2018 4:14:05 PM	Gathering encrypted functions
8/7/2018 4:14:05 PM	Gathering aggregates
8/7/2018 4:14:05 PM	Gathering procedures
8/7/2018 4:14:05 PM	Gathering encrypted procedures
8/7/2018 4:14:05 PM	Gathering tables
8/7/2018 4:14:05 PM	Gathering primary keys
8/7/2018 4:14:05 PM	Gathering unique constraints
8/7/2018 4:14:05 PM	Gathering foreign keys
8/7/2018 4:14:05 PM	Gathering default constraints
8/7/2018 4:14:05 PM	Gathering check constraints
8/7/2018 4:14:05 PM	Gathering views
8/7/2018 4:14:05 PM	Gathering encrypted views
8/7/2018 4:14:05 PM	Gathering indexes
8/7/2018 4:14:05 PM	Gathering statistics
8/7/2018 4:14:05 PM	Gathering full-text index stoplists
8/7/2018 4:14:05 PM	Gathering search property lists
8/7/2018 4:14:05 PM	Gathering search properties
8/7/2018 4:14:05 PM	Gathering full-text indexes
8/7/2018 4:14:05 PM	Gathering column store indexes
8/7/2018 4:14:05 PM	Gathering spatial indexes
8/7/2018 4:14:05 PM	Gathering XML indexes
8/7/2018 4:14:05 PM	Gathering encrypted triggers
8/7/2018 4:14:05 PM	Gathering triggers
8/7/2018 4:14:05 PM	Gathering encrypted and clr ddl triggers
8/7/2018 4:14:05 PM	Gathering ddl triggers
8/7/2018 4:14:05 PM	Gathering synonyms
8/7/2018 4:14:05 PM	Gathering defaults
8/7/2018 4:14:05 PM	Gathering data constraint uddt bindings
8/7/2018 4:14:05 PM	Gathering rules
8/7/2018 4:14:05 PM	Gathering data constraint uddt bindings
8/7/2018 4:14:05 PM	Gathering message types
8/7/2018 4:14:05 PM	Gathering queues
8/7/2018 4:14:05 PM	Gathering contracts
8/7/2018 4:14:05 PM	Gathering services
8/7/2018 4:14:05 PM	Gathering event notifications
8/7/2018 4:14:05 PM	Gathering remote service bindings
8/7/2018 4:14:05 PM	Gathering broker priorities
8/7/2018 4:14:05 PM	Gathering signatures
8/7/2018 4:14:05 PM	Gathering data compression options
8/7/2018 4:14:05 PM	Gathering sequence types
8/7/2018 4:14:05 PM	Gathering extended properties
8/7/2018 4:14:05 PM	Gathering credentials
8/7/2018 4:14:05 PM	Gathering logins
8/7/2018 4:14:05 PM	Gathering server audits
8/7/2018 4:14:06 PM	Scanning project for duplicate elements
8/7/2018 4:14:06 PM	Finished duplicate element processing
8/7/2018 4:14:06 PM	Finished importing database.
8/7/2018 4:14:06 PM	A summary of the import was saved to the following location: c:\users\shweta.kawad\documents\visual studio 2013\Projects\DemoApp\Demo.Database\Import Schema Logs\Demo.Database_20180807104359.log
8/7/2018 4:14:06 PM	Click Finish to continue...
